# JRE version: Java(TM) SE Runtime Environment (8.0-b116) (build 1.8.0-ea-b116)
# Java VM: Java HotSpot(TM) Client VM (25.0-b58 mixed mode windows-x86 )
Heap:
 def new generation   total 10944K, used 7693K [0x04600000, 0x051e0000, 0x1d600000)
  eden space 9728K,  79% used [0x04600000, 0x04d836f8, 0x04f80000)
  from space 1216K,   0% used [0x04f80000, 0x04f80000, 0x050b0000)
  to   space 1216K,   0% used [0x050b0000, 0x050b0000, 0x051e0000)
 tenured generation   total 49776K, used 40053K [0x1d600000, 0x2069c000, 0x4f600000)
   the space 49776K,  80% used [0x1d600000, 0x1fd1d670, 0x1fd1d800, 0x2069c000)
 Metaspace       used 19384K, capacity 19424K, committed 19456K, reserved 19840K
GC Heap History (10 events):
Event: 11.497 GC heap before
{Heap before GC invocations=44 (full 1):
 def new generation   total 4992K, used 4991K [0x04600000, 0x04b60000, 0x1d600000)
  eden space 4480K,  99% used [0x04600000, 0x04a5fda0, 0x04a60000)
  from space 512K, 100% used [0x04a60000, 0x04ae0000, 0x04ae0000)
  to   space 512K,   0% used [0x04ae0000, 0x04ae0000, 0x04b60000)
 tenured generation   total 10944K, used 9719K [0x1d600000, 0x1e0b0000, 0x4f600000)
   the space 10944K,  88% used [0x1d600000, 0x1df7df28, 0x1df7e000, 0x1e0b0000)
 Metaspace       used 16392K, capacity 16445K, committed 16512K, reserved 16768K
Event: 11.501 GC heap after
Heap after GC invocations=45 (full 1):
 def new generation   total 4992K, used 512K [0x04600000, 0x04b60000, 0x1d600000)
  eden space 4480K,   0% used [0x04600000, 0x04600000, 0x04a60000)
  from space 512K, 100% used [0x04ae0000, 0x04b60000, 0x04b60000)
  to   space 512K,   0% used [0x04a60000, 0x04a60000, 0x04ae0000)
 tenured generation   total 10944K, used 10895K [0x1d600000, 0x1e0b0000, 0x4f600000)
   the space 10944K,  99% used [0x1d600000, 0x1e0a3e40, 0x1e0a4000, 0x1e0b0000)
 Metaspace       used 16392K, capacity 16445K, committed 16512K, reserved 16768K
}
Event: 11.729 GC heap before
{Heap before GC invocations=45 (full 1):
 def new generation   total 4992K, used 4992K [0x04600000, 0x04b60000, 0x1d600000)
  eden space 4480K, 100% used [0x04600000, 0x04a60000, 0x04a60000)
  from space 512K, 100% used [0x04ae0000, 0x04b60000, 0x04b60000)
  to   space 512K,   0% used [0x04a60000, 0x04a60000, 0x04ae0000)
 tenured generation   total 10944K, used 10895K [0x1d600000, 0x1e0b0000, 0x4f600000)
   the space 10944K,  99% used [0x1d600000, 0x1e0a3e40, 0x1e0a4000, 0x1e0b0000)
 Metaspace       used 17810K, capacity 17853K, committed 17920K, reserved 18816K
Event: 11.756 GC heap after
Heap after GC invocations=46 (full 2):
 def new generation   total 7616K, used 0K [0x04600000, 0x04e40000, 0x1d600000)
  eden space 6784K,   0% used [0x04600000, 0x04600000, 0x04ca0000)
  from space 832K,   0% used [0x04ca0000, 0x04ca0000, 0x04d70000)
  to   space 832K,   0% used [0x04d70000, 0x04d70000, 0x04e40000)
 tenured generation   total 16772K, used 10063K [0x1d600000, 0x1e661000, 0x4f600000)
   the space 16772K,  59% used [0x1d600000, 0x1dfd3cb8, 0x1dfd3e00, 0x1e661000)
 Metaspace       used 17810K, capacity 17853K, committed 17920K, reserved 18816K
}
Event: 11.988 GC heap before
{Heap before GC invocations=46 (full 2):
 def new generation   total 7616K, used 6784K [0x04600000, 0x04e40000, 0x1d600000)
  eden space 6784K, 100% used [0x04600000, 0x04ca0000, 0x04ca0000)
  from space 832K,   0% used [0x04ca0000, 0x04ca0000, 0x04d70000)
  to   space 832K,   0% used [0x04d70000, 0x04d70000, 0x04e40000)
 tenured generation   total 16772K, used 10063K [0x1d600000, 0x1e661000, 0x4f600000)
   the space 16772K,  59% used [0x1d600000, 0x1dfd3cb8, 0x1dfd3e00, 0x1e661000)
 Metaspace       used 19105K, capacity 19136K, committed 19200K, reserved 19840K
Event: 11.992 GC heap after
Heap after GC invocations=47 (full 2):
 def new generation   total 7616K, used 513K [0x04600000, 0x04e40000, 0x1d600000)
  eden space 6784K,   0% used [0x04600000, 0x04600000, 0x04ca0000)
  from space 832K,  61% used [0x04d70000, 0x04df06b8, 0x04e40000)
  to   space 832K,   0% used [0x04ca0000, 0x04ca0000, 0x04d70000)
 tenured generation   total 16772K, used 10063K [0x1d600000, 0x1e661000, 0x4f600000)
   the space 16772K,  59% used [0x1d600000, 0x1dfd3cb8, 0x1dfd3e00, 0x1e661000)
 Metaspace       used 19105K, capacity 19136K, committed 19200K, reserved 19840K
}
Event: 13.221 GC heap before
{Heap before GC invocations=47 (full 2):
 def new generation   total 7616K, used 7297K [0x04600000, 0x04e40000, 0x1d600000)
  eden space 6784K, 100% used [0x04600000, 0x04ca0000, 0x04ca0000)
  from space 832K,  61% used [0x04d70000, 0x04df06b8, 0x04e40000)
  to   space 832K,   0% used [0x04ca0000, 0x04ca0000, 0x04d70000)
 tenured generation   total 16772K, used 10063K [0x1d600000, 0x1e661000, 0x4f600000)
   the space 16772K,  59% used [0x1d600000, 0x1dfd3cb8, 0x1dfd3e00, 0x1e661000)
 Metaspace       used 19220K, capacity 19264K, committed 19328K, reserved 19840K
Event: 13.237 GC heap after
Heap after GC invocations=48 (full 2):
 def new generation   total 7616K, used 832K [0x04600000, 0x04e40000, 0x1d600000)
  eden space 6784K,   0% used [0x04600000, 0x04600000, 0x04ca0000)
  from space 832K, 100% used [0x04ca0000, 0x04d70000, 0x04d70000)
  to   space 832K,   0% used [0x04d70000, 0x04d70000, 0x04e40000)
 tenured generation   total 16772K, used 14317K [0x1d600000, 0x1e661000, 0x4f600000)
   the space 16772K,  85% used [0x1d600000, 0x1e3fb6c8, 0x1e3fb800, 0x1e661000)
 Metaspace       used 19220K, capacity 19264K, committed 19328K, reserved 19840K
}
Event: 13.331 GC heap before
{Heap before GC invocations=48 (full 2):
 def new generation   total 7616K, used 1330K [0x04600000, 0x04e40000, 0x1d600000)
  eden space 6784K,   7% used [0x04600000, 0x0467c988, 0x04ca0000)
  from space 832K, 100% used [0x04ca0000, 0x04d70000, 0x04d70000)
  to   space 832K,   0% used [0x04d70000, 0x04d70000, 0x04e40000)
 tenured generation   total 16772K, used 14317K [0x1d600000, 0x1e661000, 0x4f600000)
   the space 16772K,  85% used [0x1d600000, 0x1e3fb6c8, 0x1e3fb800, 0x1e661000)
 Metaspace       used 19220K, capacity 19264K, committed 19328K, reserved 19840K
Event: 13.370 GC heap after
Heap after GC invocations=49 (full 3):
 def new generation   total 10944K, used 0K [0x04600000, 0x051e0000, 0x1d600000)
  eden space 9728K,   0% used [0x04600000, 0x04600000, 0x04f80000)
  from space 1216K,   0% used [0x04f80000, 0x04f80000, 0x050b0000)
  to   space 1216K,   0% used [0x050b0000, 0x050b0000, 0x051e0000)
 tenured generation   total 24292K, used 14573K [0x1d600000, 0x1edb9000, 0x4f600000)
   the space 24292K,  59% used [0x1d600000, 0x1e43b430, 0x1e43b600, 0x1edb9000)
 Metaspace       used 19220K, capacity 19264K, committed 19328K, reserved 19840K
}

